<?xml version="1.0" encoding="UTF-8"?>
<!-- Generated by org.testng.reporters.JUnitReportReporter -->
<testsuite hostname="monisha-HP-280-G1-MT-Business-PC" failures="0" tests="1" name="Testcases.ShortTimeTC" time="20.142" errors="0" timestamp="2024-06-15T12:55:37 IST" skipped="0">
  <testcase classname="Testcases.ShortTimeTC" name="eventlist" time="20.142"/>
  <system-out/>
</testsuite> <!-- Testcases.ShortTimeTC -->
