<?xml version="1.0" encoding="UTF-8"?>
<!-- Generated by org.testng.reporters.JUnitReportReporter -->
<testsuite hostname="monisha-HP-280-G1-MT-Business-PC" failures="0" tests="1" name="Testcases.TimeInOutTC" time="22.772" errors="0" timestamp="2024-06-18T15:34:17 IST" skipped="0">
  <testcase classname="Testcases.TimeInOutTC" name="eventlist" time="22.772"/>
  <system-out/>
</testsuite> <!-- Testcases.TimeInOutTC -->
