<?xml version="1.0" encoding="UTF-8"?>
<!-- Generated by org.testng.reporters.JUnitReportReporter -->
<testsuite hostname="monisha-HP-280-G1-MT-Business-PC" failures="0" tests="1" name="Testcases.MissPuchTC" time="53.212" errors="0" timestamp="2024-06-01T15:39:52 IST" skipped="0">
  <testcase classname="Testcases.MissPuchTC" name="eventlist" time="53.212"/>
  <system-out/>
</testsuite> <!-- Testcases.MissPuchTC -->
