<?xml version="1.0" encoding="UTF-8"?>
<!-- Generated by org.testng.reporters.JUnitReportReporter -->
<testsuite hostname="monisha-HP-280-G1-MT-Business-PC" failures="0" tests="1" name="Testcases.OverTimeTC" time="31.296" errors="0" timestamp="2024-06-19T12:54:13 IST" skipped="0">
  <testcase classname="Testcases.OverTimeTC" name="eventlist" time="31.296"/>
  <system-out/>
</testsuite> <!-- Testcases.OverTimeTC -->
